This is pdfTeX, Version 3.141592653-2.6-1.40.22 (TeX Live 2021/Arch Linux) (preloaded format=etex 2021.10.31)  31 OCT 2021 14:33
entering extended mode
 restricted \write18 enabled.
 %&-line parsing enabled.
**mylatexformat.dtx
(./mylatexformat.dtx (/usr/share/texmf-dist/tex/latex/base/docstrip.tex
\blockLevel=\count27
\emptyLines=\count28
\processedLines=\count29
\commentsRemoved=\count30
\commentsPassed=\count31
\codeLinesPassed=\count32
\TotalprocessedLines=\count33
\TotalcommentsRemoved=\count34
\TotalcommentsPassed=\count35
\TotalcodeLinesPassed=\count36
\NumberOfFiles=\count37
\inFile=\read1
\inputcheck=\read2
\@tempcnta=\count38
\off@0=\count39
\off@1=\count40
\off@2=\count41
\off@3=\count42
\off@4=\count43
\off@5=\count44
\off@6=\count45
\off@7=\count46
\off@8=\count47
\off@9=\count48
\off@10=\count49
\off@11=\count50
\off@12=\count51
\off@13=\count52
\off@14=\count53
\off@15=\count54
\@temptokena=\toks13
\@maxfiles=\count55
\@maxoutfiles=\count56

Utility: `docstrip' v2.6a <2020-07-07>
English documentation    <2020-07-11>

**********************************************************
* This program converts documented macro-files into fast *
* loadable files by stripping off (nearly) all comments! *
**********************************************************

********************************************************
* No Configuration file found, using default settings. *
********************************************************

)
************************************************************************
* Installation
* Package 2011/02/12 v3.4 - Use mylatexformat.ltx to make a format based on the
 preamble of any LaTeX file*
************************************************************************

Generating file(s) mylatexformat.ins mylatexformat.ltx 
\openout0 = `mylatexformat.ins'.

\openout1 = `mylatexformat.ltx'.


Processing file mylatexformat.dtx (install) -> mylatexformat.ins
                                  (package) -> mylatexformat.ltx
Lines  processed: 991
Comments removed: 603
Comments  passed: 171
Codelines passed: 207


Generating file(s) mylatexformat.drv 
\openout0 = `mylatexformat.drv'.


Processing file mylatexformat.dtx (driver) -> mylatexformat.drv
Lines  processed: 991
Comments removed: 603
Comments  passed: 171
Codelines passed: 207

************************************************************************
*
* To finish the installation you have to move the following
* file into a directory searched by TeX:
*
*     mylatexformat.ltx
*
* To produce the documentation run the file `mylatexformat.dtx'
* through LaTeX.
*
* Happy TeXing!
*
************************************************************************
Overall statistics:
Files  processed: 2
Lines  processed: 1982
Comments removed: 1206
Comments  passed: 342
Codelines passed: 414
 )
No pages of output.
